<?xml version="1.0" encoding="UTF-8"?>
<!-- Generated by org.testng.reporters.JUnitReportReporter -->
<testsuite hostname="CLIRKOL223" failures="0" tests="20" name="com.clirnet.sanity.MobileClirnetSanity" time="135.794" errors="0" timestamp="2023-09-11T10:40:54 IST" skipped="0">
  <testcase classname="com.clirnet.sanity.MobileClirnetSanity" name="HomeReadMedwiki" time="11.762"/>
  <system-out/>
  <testcase classname="com.clirnet.sanity.MobileClirnetSanity" name="homeclick" time="7.258"/>
  <system-out/>
  <testcase classname="com.clirnet.sanity.MobileClirnetSanity" name="doctubeclick" time="2.254"/>
  <system-out/>
  <testcase classname="com.clirnet.sanity.MobileClirnetSanity" name="communityclick" time="1.298"/>
  <system-out/>
  <testcase classname="com.clirnet.sanity.MobileClirnetSanity" name="ExploreClick" time="2.280"/>
  <system-out/>
  <testcase classname="com.clirnet.sanity.MobileClirnetSanity" name="LiveCMEClick" time="2.248"/>
  <system-out/>
  <testcase classname="com.clirnet.sanity.MobileClirnetSanity" name="LiveMedWikiClick" time="3.025"/>
  <system-out/>
  <testcase classname="com.clirnet.sanity.MobileClirnetSanity" name="ClinicalvideoClick" time="5.490"/>
  <system-out/>
  <testcase classname="com.clirnet.sanity.MobileClirnetSanity" name="ClickGrandRounds" time="4.052"/>
  <system-out/>
  <testcase classname="com.clirnet.sanity.MobileClirnetSanity" name="CoursesClick" time="3.030"/>
  <system-out/>
  <testcase classname="com.clirnet.sanity.MobileClirnetSanity" name="PollClick" time="4.036"/>
  <system-out/>
  <testcase classname="com.clirnet.sanity.MobileClirnetSanity" name="DDXClick" time="3.954"/>
  <system-out/>
  <testcase classname="com.clirnet.sanity.MobileClirnetSanity" name="Epaper" time="4.036"/>
  <system-out/>
  <testcase classname="com.clirnet.sanity.MobileClirnetSanity" name="Telemed" time="4.021"/>
  <system-out/>
  <testcase classname="com.clirnet.sanity.MobileClirnetSanity" name="DR" time="1.569"/>
  <system-out/>
  <testcase classname="com.clirnet.sanity.MobileClirnetSanity" name="EditProfile" time="14.851"/>
  <system-out/>
  <testcase classname="com.clirnet.sanity.MobileClirnetSanity" name="HeaderNavigation" time="17.244"/>
  <system-out/>
  <testcase classname="com.clirnet.sanity.MobileClirnetSanity" name="TrendingNowClick" time="5.311"/>
  <system-out/>
  <testcase classname="com.clirnet.sanity.MobileClirnetSanity" name="EbookDetail" time="17.905"/>
  <system-out/>
  <testcase classname="com.clirnet.sanity.MobileClirnetSanity" name="LiveCmeDetail" time="20.170"/>
  <system-out/>
</testsuite> <!-- com.clirnet.sanity.MobileClirnetSanity -->
