<?xml version="1.0" encoding="UTF-8"?>
<!-- Generated by org.testng.reporters.JUnitReportReporter -->
<testsuite hostname="CLIRKOL223" failures="0" tests="20" name="com.clirnet.sanity.ClirnetSanity" time="121.443" errors="0" timestamp="2023-09-04T10:22:50 IST" skipped="0">
  <testcase classname="com.clirnet.sanity.ClirnetSanity" name="HomeReadMedwiki" time="16.302"/>
  <system-out/>
  <testcase classname="com.clirnet.sanity.ClirnetSanity" name="homeclick" time="0.554"/>
  <system-out/>
  <testcase classname="com.clirnet.sanity.ClirnetSanity" name="doctubeclick" time="1.945"/>
  <system-out/>
  <testcase classname="com.clirnet.sanity.ClirnetSanity" name="communityclick" time="1.639"/>
  <system-out/>
  <testcase classname="com.clirnet.sanity.ClirnetSanity" name="ExploreClick" time="0.242"/>
  <system-out/>
  <testcase classname="com.clirnet.sanity.ClirnetSanity" name="LiveCMEClick" time="2.712"/>
  <system-out/>
  <testcase classname="com.clirnet.sanity.ClirnetSanity" name="LiveMedWikiClick" time="2.665"/>
  <system-out/>
  <testcase classname="com.clirnet.sanity.ClirnetSanity" name="ClinicalvideoClick" time="4.012"/>
  <system-out/>
  <testcase classname="com.clirnet.sanity.ClirnetSanity" name="ClickGrandRounds" time="3.467"/>
  <system-out/>
  <testcase classname="com.clirnet.sanity.ClirnetSanity" name="CoursesClick" time="2.424"/>
  <system-out/>
  <testcase classname="com.clirnet.sanity.ClirnetSanity" name="PollClick" time="4.636"/>
  <system-out/>
  <testcase classname="com.clirnet.sanity.ClirnetSanity" name="DDXClick" time="4.458"/>
  <system-out/>
  <testcase classname="com.clirnet.sanity.ClirnetSanity" name="Epaper" time="3.355"/>
  <system-out/>
  <testcase classname="com.clirnet.sanity.ClirnetSanity" name="Telemed" time="3.699"/>
  <system-out/>
  <testcase classname="com.clirnet.sanity.ClirnetSanity" name="DR" time="0.968"/>
  <system-out/>
  <testcase classname="com.clirnet.sanity.ClirnetSanity" name="EditProfile" time="18.433"/>
  <system-out/>
  <testcase classname="com.clirnet.sanity.ClirnetSanity" name="HeaderNavigation" time="13.554"/>
  <system-out/>
  <testcase classname="com.clirnet.sanity.ClirnetSanity" name="TrendingNowClick" time="5.196"/>
  <system-out/>
  <testcase classname="com.clirnet.sanity.ClirnetSanity" name="EbookDetail" time="19.601"/>
  <system-out/>
  <testcase classname="com.clirnet.sanity.ClirnetSanity" name="LiveCmeDetail" time="11.581"/>
  <system-out/>
</testsuite> <!-- com.clirnet.sanity.ClirnetSanity -->
